# JRE version: OpenJDK Runtime Environment (11.0+28) (build 11+28)
# Java VM: OpenJDK 64-Bit Server VM (11+28, mixed mode, tiered, compressed oops, g1 gc, windows-amd64)
Heap:
 garbage-first heap   total 199680K, used 25413K [0x0000000080200000, 0x0000000100000000)
  region size 1024K, 10 young (10240K), 10 survivors (10240K)
 Metaspace       used 52583K, capacity 53988K, committed 54016K, reserved 1095680K
  class space    used 6609K, capacity 7155K, committed 7168K, reserved 1048576K
GC Heap History (10 events):
Event: 1.334 GC heap after
{Heap after GC invocations=4 (full 0):
 garbage-first heap   total 131072K, used 9907K [0x0000000080200000, 0x0000000100000000)
  region size 1024K, 3 young (3072K), 3 survivors (3072K)
 Metaspace       used 16829K, capacity 17167K, committed 17280K, reserved 1064960K
  class space    used 1739K, capacity 1885K, committed 1920K, reserved 1048576K
}
Event: 1.644 GC heap before
{Heap before GC invocations=4 (full 0):
 garbage-first heap   total 131072K, used 35507K [0x0000000080200000, 0x0000000100000000)
  region size 1024K, 30 young (30720K), 3 survivors (3072K)
 Metaspace       used 20694K, capacity 21155K, committed 21248K, reserved 1069056K
  class space    used 2288K, capacity 2487K, committed 2560K, reserved 1048576K
}
Event: 1.651 GC heap after
{Heap after GC invocations=5 (full 0):
 garbage-first heap   total 157696K, used 11142K [0x0000000080200000, 0x0000000100000000)
  region size 1024K, 4 young (4096K), 4 survivors (4096K)
 Metaspace       used 20694K, capacity 21155K, committed 21248K, reserved 1069056K
  class space    used 2288K, capacity 2487K, committed 2560K, reserved 1048576K
}
Event: 2.285 GC heap before
{Heap before GC invocations=6 (full 0):
 garbage-first heap   total 157696K, used 96134K [0x0000000080200000, 0x0000000100000000)
  region size 1024K, 87 young (89088K), 4 survivors (4096K)
 Metaspace       used 29611K, capacity 30259K, committed 30336K, reserved 1075200K
  class space    used 3430K, capacity 3712K, committed 3712K, reserved 1048576K
}
Event: 2.294 GC heap after
{Heap after GC invocations=7 (full 0):
 garbage-first heap   total 157696K, used 13821K [0x0000000080200000, 0x0000000100000000)
  region size 1024K, 7 young (7168K), 7 survivors (7168K)
 Metaspace       used 29611K, capacity 30259K, committed 30336K, reserved 1075200K
  class space    used 3430K, capacity 3712K, committed 3712K, reserved 1048576K
}
Event: 3.361 GC heap before
{Heap before GC invocations=7 (full 0):
 garbage-first heap   total 157696K, used 95741K [0x0000000080200000, 0x0000000100000000)
  region size 1024K, 88 young (90112K), 7 survivors (7168K)
 Metaspace       used 34929K, capacity 35773K, committed 35840K, reserved 1081344K
  class space    used 4254K, capacity 4592K, committed 4608K, reserved 1048576K
}
Event: 3.381 GC heap after
{Heap after GC invocations=8 (full 0):
 garbage-first heap   total 157696K, used 16597K [0x0000000080200000, 0x0000000100000000)
  region size 1024K, 9 young (9216K), 9 survivors (9216K)
 Metaspace       used 34929K, capacity 35773K, committed 35840K, reserved 1081344K
  class space    used 4254K, capacity 4592K, committed 4608K, reserved 1048576K
}
Event: 4.901 GC heap before
{Heap before GC invocations=9 (full 0):
 garbage-first heap   total 157696K, used 101589K [0x0000000080200000, 0x0000000100000000)
  region size 1024K, 92 young (94208K), 9 survivors (9216K)
 Metaspace       used 44568K, capacity 45569K, committed 45824K, reserved 1089536K
  class space    used 5479K, capacity 5881K, committed 5888K, reserved 1048576K
}
Event: 4.916 GC heap after
{Heap after GC invocations=10 (full 0):
 garbage-first heap   total 157696K, used 20303K [0x0000000080200000, 0x0000000100000000)
  region size 1024K, 10 young (10240K), 10 survivors (10240K)
 Metaspace       used 44568K, capacity 45569K, committed 45824K, reserved 1089536K
  class space    used 5479K, capacity 5881K, committed 5888K, reserved 1048576K
}
Event: 6.155 GC heap before
{Heap before GC invocations=10 (full 0):
 garbage-first heap   total 157696K, used 104271K [0x0000000080200000, 0x0000000100000000)
  region size 1024K, 92 young (94208K), 10 survivors (10240K)
 Metaspace       used 52583K, capacity 53988K, committed 54016K, reserved 1095680K
  class space    used 6609K, capacity 7155K, committed 7168K, reserved 1048576K
}

